Build started 6/28/2020 10:53:57 AM.
     1>Project "C:\Users\user\Desktop\semester 3\DSA Theory\Assignments\Assignment 03\vs\cs182019\cs182019\cs182019.vcxproj" on node 2 (build target(s)).
     1>InitializeBuildStatus:
         Creating "Debug\cs182019.unsuccessfulbuild" because "AlwaysCreate" was specified.
       ClCompile:
         All outputs are up-to-date.
         c:\Program Files (x86)\Microsoft Visual Studio 10.0\VC\bin\CL.exe /c /ZI /nologo /W3 /WX- /Od /Oy- /D WIN32 /D _DEBUG /D _CONSOLE /D _UNICODE /D UNICODE /Gm /EHsc /RTC1 /MDd /GS /fp:precise /Zc:wchar_t /Zc:forScope /Yu"StdAfx.h" /Fp"Debug\cs182019.pch" /Fo"Debug\\" /Fd"Debug\vc100.pdb" /Gd /TP /analyze- /errorReport:prompt cs182019.cpp
         cs182019.cpp
       ManifestResourceCompile:
         All outputs are up-to-date.
       Link:
         c:\Program Files (x86)\Microsoft Visual Studio 10.0\VC\bin\link.exe /ERRORREPORT:PROMPT /OUT:"C:\Users\user\Desktop\semester 3\DSA Theory\Assignments\Assignment 03\vs\cs182019\Debug\cs182019.exe" /INCREMENTAL /NOLOGO kernel32.lib user32.lib gdi32.lib winspool.lib comdlg32.lib advapi32.lib shell32.lib ole32.lib oleaut32.lib uuid.lib odbc32.lib odbccp32.lib /MANIFEST /ManifestFile:"Debug\cs182019.exe.intermediate.manifest" /MANIFESTUAC:"level='asInvoker' uiAccess='false'" /DEBUG /PDB:"C:\Users\user\Desktop\semester 3\DSA Theory\Assignments\Assignment 03\vs\cs182019\Debug\cs182019.pdb" /SUBSYSTEM:CONSOLE /TLBID:1 /DYNAMICBASE /NXCOMPAT /IMPLIB:"C:\Users\user\Desktop\semester 3\DSA Theory\Assignments\Assignment 03\vs\cs182019\Debug\cs182019.lib" /MACHINE:X86 Debug\cs182019.exe.embed.manifest.res
         Debug\cs182019.obj
         Debug\stdafx.obj
       Manifest:
         c:\Program Files (x86)\Microsoft SDKs\Windows\v7.0A\bin\mt.exe /nologo /verbose /out:"Debug\cs182019.exe.embed.manifest" /manifest Debug\cs182019.exe.intermediate.manifest
         All outputs are up-to-date.
       LinkEmbedManifest:
         All outputs are up-to-date.
         cs182019.vcxproj -> C:\Users\user\Desktop\semester 3\DSA Theory\Assignments\Assignment 03\vs\cs182019\Debug\cs182019.exe
       FinalizeBuildStatus:
         Deleting file "Debug\cs182019.unsuccessfulbuild".
         Touching "Debug\cs182019.lastbuildstate".
     1>Done Building Project "C:\Users\user\Desktop\semester 3\DSA Theory\Assignments\Assignment 03\vs\cs182019\cs182019\cs182019.vcxproj" (build target(s)).

Build succeeded.

Time Elapsed 00:00:01.28
